<?xml version="1.0" encoding="UTF-8"?>
<!-- Generated by org.testng.reporters.JUnitXMLReporter -->
<testsuite ignored="14" hostname="Ganesh" failures="1" tests="11" name="Test" time="140.505" errors="0" timestamp="2024-05-09T13:44:32 IST">
  <testcase classname="com.mystore.testcases.LoginPageTest" name="loginTest" time="4.784"/>
  <testcase classname="com.mystore.testcases.LoginPageTest" name="loginTest" time="3.222">
    <failure type="java.lang.AssertionError" message="expected [http://www.automationpractice.pl/index.php?controller=my-account] but found [http://www.automationpractice.pl/index.php?controller=authentication]">
      <![CDATA[java.lang.AssertionError: expected [http://www.automationpractice.pl/index.php?controller=my-account] but found [http://www.automationpractice.pl/index.php?controller=authentication]
at com.mystore.testcases.LoginPageTest.loginTest(LoginPageTest.java:50)
at java.base/java.util.ArrayList.forEach(ArrayList.java:1511)
... Removed 33 stack frames]]>
    </failure>
  </testcase> <!-- loginTest -->
  <testcase classname="com.mystore.testcases.EndToEndTest" name="endToEnd" time="25.45"/>
  <testcase classname="com.mystore.testcases.AccountCreationTest" name="verifyAccountCreationTest" time="3.249"/>
  <testcase classname="com.mystore.testcases.IndexPageTest" name="validateLogo" time="4.255"/>
  <testcase classname="com.mystore.testcases.IndexPageTest" name="verifyTitle" time="4.28"/>
  <testcase classname="com.mystore.testcases.SearchResultPageTest" name="productAvailabilityTest" time="6.075"/>
  <testcase classname="com.mystore.testcases.HomePageTest" name="validateMyCreditSlipTest" time="3.155"/>
  <testcase classname="com.mystore.testcases.HomePageTest" name="validateOrderHistoryTest" time="3.288"/>
  <testcase classname="com.mystore.testcases.OrderPageTest" name="validatePrice" time="10.771"/>
  <testcase classname="com.mystore.testcases.AddToCartTest" name="addtoCartTest" time="6.683"/>
  <testcase classname="com.mystore.base.BaseClass" name="@BeforeSuite loadConfig" time="0.0">
    <ignored/>
  </testcase> <!-- @BeforeSuite loadConfig -->
  <testcase classname="com.mystore.base.BaseClass" name="@BeforeSuite loadConfig" time="0.0">
    <ignored/>
  </testcase> <!-- @BeforeSuite loadConfig -->
  <testcase classname="com.mystore.base.BaseClass" name="@BeforeSuite loadConfig" time="0.0">
    <ignored/>
  </testcase> <!-- @BeforeSuite loadConfig -->
  <testcase classname="com.mystore.base.BaseClass" name="@BeforeSuite loadConfig" time="0.0">
    <ignored/>
  </testcase> <!-- @BeforeSuite loadConfig -->
  <testcase classname="com.mystore.base.BaseClass" name="@AfterSuite afterSuite" time="0.0">
    <ignored/>
  </testcase> <!-- @AfterSuite afterSuite -->
  <testcase classname="com.mystore.base.BaseClass" name="@AfterSuite afterSuite" time="0.0">
    <ignored/>
  </testcase> <!-- @AfterSuite afterSuite -->
  <testcase classname="com.mystore.base.BaseClass" name="@BeforeSuite loadConfig" time="0.0">
    <ignored/>
  </testcase> <!-- @BeforeSuite loadConfig -->
  <testcase classname="com.mystore.base.BaseClass" name="@AfterSuite afterSuite" time="0.0">
    <ignored/>
  </testcase> <!-- @AfterSuite afterSuite -->
  <testcase classname="com.mystore.base.BaseClass" name="@AfterSuite afterSuite" time="0.0">
    <ignored/>
  </testcase> <!-- @AfterSuite afterSuite -->
  <testcase classname="com.mystore.base.BaseClass" name="@AfterSuite afterSuite" time="0.0">
    <ignored/>
  </testcase> <!-- @AfterSuite afterSuite -->
  <testcase classname="com.mystore.base.BaseClass" name="@BeforeSuite loadConfig" time="0.0">
    <ignored/>
  </testcase> <!-- @BeforeSuite loadConfig -->
  <testcase classname="com.mystore.base.BaseClass" name="@AfterSuite afterSuite" time="0.0">
    <ignored/>
  </testcase> <!-- @AfterSuite afterSuite -->
  <testcase classname="com.mystore.base.BaseClass" name="@BeforeSuite loadConfig" time="0.0">
    <ignored/>
  </testcase> <!-- @BeforeSuite loadConfig -->
  <testcase classname="com.mystore.base.BaseClass" name="@AfterSuite afterSuite" time="0.0">
    <ignored/>
  </testcase> <!-- @AfterSuite afterSuite -->
</testsuite> <!-- Test -->
